[==========] Running 2 tests from 1 test case.
[----------] Global test environment set-up.
[----------] 2 tests from Quadratic
[ RUN      ] Quadratic.simpletest
[       OK ] Quadratic.simpletest (0 ms)
[ RUN      ] Quadratic.ManyTests
/mnt/c/MM837_Computational_Physics/Unit_Test_Example/tests.cc:14: Failure
Value of: roots[0]
  Actual: 1.56155
Expected: 1.56155281281
Which is: 1.56155
[  FAILED  ] Quadratic.ManyTests (0 ms)
[----------] 2 tests from Quadratic (0 ms total)

[----------] Global test environment tear-down
[==========] 2 tests from 1 test case ran. (2 ms total)
[  PASSED  ] 1 test.
[  FAILED  ] 1 test, listed below:
[  FAILED  ] Quadratic.ManyTests

 1 FAILED TEST
